Created by PLY version 3.10 (http://www.dabeaz.com/ply)

Grammar

Rule 0     S' -> plycs
Rule 1     plycs -> COR_A PAQUETE DPTOS CADENA COMA DATOS DPTOS CADENA COMA EJECUCION DPTOS CADENA COMA MENSAJE DPTOS CADENA COMA HISTORIAL DPTOS CADENA COR_C

Terminals, with rules where they appear

CADENA               : 1 1 1 1 1
COMA                 : 1 1 1 1
COR_A                : 1
COR_C                : 1
DATOS                : 1
DPTOS                : 1 1 1 1 1
EJECUCION            : 1
HISTORIAL            : 1
MENSAJE              : 1
PAQUETE              : 1
error                : 

Nonterminals, with rules where they appear

plycs                : 0

Parsing method: LALR

state 0

    (0) S' -> . plycs
    (1) plycs -> . COR_A PAQUETE DPTOS CADENA COMA DATOS DPTOS CADENA COMA EJECUCION DPTOS CADENA COMA MENSAJE DPTOS CADENA COMA HISTORIAL DPTOS CADENA COR_C

    COR_A           shift and go to state 2

    plycs                          shift and go to state 1

state 1

    (0) S' -> plycs .



state 2

    (1) plycs -> COR_A . PAQUETE DPTOS CADENA COMA DATOS DPTOS CADENA COMA EJECUCION DPTOS CADENA COMA MENSAJE DPTOS CADENA COMA HISTORIAL DPTOS CADENA COR_C

    PAQUETE         shift and go to state 3


state 3

    (1) plycs -> COR_A PAQUETE . DPTOS CADENA COMA DATOS DPTOS CADENA COMA EJECUCION DPTOS CADENA COMA MENSAJE DPTOS CADENA COMA HISTORIAL DPTOS CADENA COR_C

    DPTOS           shift and go to state 4


state 4

    (1) plycs -> COR_A PAQUETE DPTOS . CADENA COMA DATOS DPTOS CADENA COMA EJECUCION DPTOS CADENA COMA MENSAJE DPTOS CADENA COMA HISTORIAL DPTOS CADENA COR_C

    CADENA          shift and go to state 5


state 5

    (1) plycs -> COR_A PAQUETE DPTOS CADENA . COMA DATOS DPTOS CADENA COMA EJECUCION DPTOS CADENA COMA MENSAJE DPTOS CADENA COMA HISTORIAL DPTOS CADENA COR_C

    COMA            shift and go to state 6


state 6

    (1) plycs -> COR_A PAQUETE DPTOS CADENA COMA . DATOS DPTOS CADENA COMA EJECUCION DPTOS CADENA COMA MENSAJE DPTOS CADENA COMA HISTORIAL DPTOS CADENA COR_C

    DATOS           shift and go to state 7


state 7

    (1) plycs -> COR_A PAQUETE DPTOS CADENA COMA DATOS . DPTOS CADENA COMA EJECUCION DPTOS CADENA COMA MENSAJE DPTOS CADENA COMA HISTORIAL DPTOS CADENA COR_C

    DPTOS           shift and go to state 8


state 8

    (1) plycs -> COR_A PAQUETE DPTOS CADENA COMA DATOS DPTOS . CADENA COMA EJECUCION DPTOS CADENA COMA MENSAJE DPTOS CADENA COMA HISTORIAL DPTOS CADENA COR_C

    CADENA          shift and go to state 9


state 9

    (1) plycs -> COR_A PAQUETE DPTOS CADENA COMA DATOS DPTOS CADENA . COMA EJECUCION DPTOS CADENA COMA MENSAJE DPTOS CADENA COMA HISTORIAL DPTOS CADENA COR_C

    COMA            shift and go to state 10


state 10

    (1) plycs -> COR_A PAQUETE DPTOS CADENA COMA DATOS DPTOS CADENA COMA . EJECUCION DPTOS CADENA COMA MENSAJE DPTOS CADENA COMA HISTORIAL DPTOS CADENA COR_C

    EJECUCION       shift and go to state 11


state 11

    (1) plycs -> COR_A PAQUETE DPTOS CADENA COMA DATOS DPTOS CADENA COMA EJECUCION . DPTOS CADENA COMA MENSAJE DPTOS CADENA COMA HISTORIAL DPTOS CADENA COR_C

    DPTOS           shift and go to state 12


state 12

    (1) plycs -> COR_A PAQUETE DPTOS CADENA COMA DATOS DPTOS CADENA COMA EJECUCION DPTOS . CADENA COMA MENSAJE DPTOS CADENA COMA HISTORIAL DPTOS CADENA COR_C

    CADENA          shift and go to state 13


state 13

    (1) plycs -> COR_A PAQUETE DPTOS CADENA COMA DATOS DPTOS CADENA COMA EJECUCION DPTOS CADENA . COMA MENSAJE DPTOS CADENA COMA HISTORIAL DPTOS CADENA COR_C

    COMA            shift and go to state 14


state 14

    (1) plycs -> COR_A PAQUETE DPTOS CADENA COMA DATOS DPTOS CADENA COMA EJECUCION DPTOS CADENA COMA . MENSAJE DPTOS CADENA COMA HISTORIAL DPTOS CADENA COR_C

    MENSAJE         shift and go to state 15


state 15

    (1) plycs -> COR_A PAQUETE DPTOS CADENA COMA DATOS DPTOS CADENA COMA EJECUCION DPTOS CADENA COMA MENSAJE . DPTOS CADENA COMA HISTORIAL DPTOS CADENA COR_C

    DPTOS           shift and go to state 16


state 16

    (1) plycs -> COR_A PAQUETE DPTOS CADENA COMA DATOS DPTOS CADENA COMA EJECUCION DPTOS CADENA COMA MENSAJE DPTOS . CADENA COMA HISTORIAL DPTOS CADENA COR_C

    CADENA          shift and go to state 17


state 17

    (1) plycs -> COR_A PAQUETE DPTOS CADENA COMA DATOS DPTOS CADENA COMA EJECUCION DPTOS CADENA COMA MENSAJE DPTOS CADENA . COMA HISTORIAL DPTOS CADENA COR_C

    COMA            shift and go to state 18


state 18

    (1) plycs -> COR_A PAQUETE DPTOS CADENA COMA DATOS DPTOS CADENA COMA EJECUCION DPTOS CADENA COMA MENSAJE DPTOS CADENA COMA . HISTORIAL DPTOS CADENA COR_C

    HISTORIAL       shift and go to state 19


state 19

    (1) plycs -> COR_A PAQUETE DPTOS CADENA COMA DATOS DPTOS CADENA COMA EJECUCION DPTOS CADENA COMA MENSAJE DPTOS CADENA COMA HISTORIAL . DPTOS CADENA COR_C

    DPTOS           shift and go to state 20


state 20

    (1) plycs -> COR_A PAQUETE DPTOS CADENA COMA DATOS DPTOS CADENA COMA EJECUCION DPTOS CADENA COMA MENSAJE DPTOS CADENA COMA HISTORIAL DPTOS . CADENA COR_C

    CADENA          shift and go to state 21


state 21

    (1) plycs -> COR_A PAQUETE DPTOS CADENA COMA DATOS DPTOS CADENA COMA EJECUCION DPTOS CADENA COMA MENSAJE DPTOS CADENA COMA HISTORIAL DPTOS CADENA . COR_C

    COR_C           shift and go to state 22


state 22

    (1) plycs -> COR_A PAQUETE DPTOS CADENA COMA DATOS DPTOS CADENA COMA EJECUCION DPTOS CADENA COMA MENSAJE DPTOS CADENA COMA HISTORIAL DPTOS CADENA COR_C .

    $end            reduce using rule 1 (plycs -> COR_A PAQUETE DPTOS CADENA COMA DATOS DPTOS CADENA COMA EJECUCION DPTOS CADENA COMA MENSAJE DPTOS CADENA COMA HISTORIAL DPTOS CADENA COR_C .)

